{"C:\\Users\\ADMIN\\OneDrive\\Documents\\AMALITECH\\Lab-6\\journal\\js\\journal.js": {"path":"C:\\Users\\ADMIN\\OneDrive\\Documents\\AMALITECH\\Lab-6\\journal\\js\\journal.js","statementMap":{"0":{"start":{"line":13,"column":15},"end":{"line":13,"column":28}},"1":{"start":{"line":17,"column":17},"end":{"line":17,"column":61}},"2":{"start":{"line":18,"column":20},"end":{"line":18,"column":64}},"3":{"start":{"line":19,"column":2},"end":{"line":63,"column":3}},"4":{"start":{"line":20,"column":4},"end":{"line":23,"column":5}},"5":{"start":{"line":21,"column":6},"end":{"line":21,"column":91}},"6":{"start":{"line":22,"column":6},"end":{"line":22,"column":12}},"7":{"start":{"line":24,"column":4},"end":{"line":24,"column":30}},"8":{"start":{"line":25,"column":4},"end":{"line":62,"column":5}},"9":{"start":{"line":26,"column":6},"end":{"line":48,"column":7}},"10":{"start":{"line":26,"column":19},"end":{"line":26,"column":20}},"11":{"start":{"line":27,"column":22},"end":{"line":27,"column":33}},"12":{"start":{"line":28,"column":8},"end":{"line":47,"column":15}},"13":{"start":{"line":49,"column":6},"end":{"line":61,"column":7}},"14":{"start":{"line":49,"column":19},"end":{"line":49,"column":20}},"15":{"start":{"line":50,"column":22},"end":{"line":50,"column":33}},"16":{"start":{"line":51,"column":8},"end":{"line":55,"column":11}},"17":{"start":{"line":54,"column":12},"end":{"line":54,"column":49}},"18":{"start":{"line":56,"column":8},"end":{"line":60,"column":11}},"19":{"start":{"line":59,"column":12},"end":{"line":59,"column":49}},"20":{"start":{"line":67,"column":0},"end":{"line":67,"column":13}},"21":{"start":{"line":71,"column":17},"end":{"line":71,"column":69}},"22":{"start":{"line":72,"column":20},"end":{"line":72,"column":64}},"23":{"start":{"line":73,"column":25},"end":{"line":77,"column":3}},"24":{"start":{"line":75,"column":6},"end":{"line":76,"column":64}},"25":{"start":{"line":78,"column":2},"end":{"line":81,"column":3}},"26":{"start":{"line":79,"column":4},"end":{"line":79,"column":94}},"27":{"start":{"line":80,"column":4},"end":{"line":80,"column":10}},"28":{"start":{"line":82,"column":2},"end":{"line":82,"column":28}},"29":{"start":{"line":83,"column":2},"end":{"line":120,"column":3}},"30":{"start":{"line":84,"column":4},"end":{"line":106,"column":5}},"31":{"start":{"line":84,"column":17},"end":{"line":84,"column":18}},"32":{"start":{"line":85,"column":20},"end":{"line":85,"column":39}},"33":{"start":{"line":86,"column":6},"end":{"line":105,"column":15}},"34":{"start":{"line":107,"column":4},"end":{"line":119,"column":5}},"35":{"start":{"line":107,"column":17},"end":{"line":107,"column":18}},"36":{"start":{"line":108,"column":20},"end":{"line":108,"column":39}},"37":{"start":{"line":109,"column":6},"end":{"line":113,"column":9}},"38":{"start":{"line":112,"column":10},"end":{"line":112,"column":47}},"39":{"start":{"line":114,"column":6},"end":{"line":118,"column":9}},"40":{"start":{"line":117,"column":10},"end":{"line":117,"column":47}},"41":{"start":{"line":124,"column":26},"end":{"line":173,"column":1}},"42":{"start":{"line":125,"column":17},"end":{"line":125,"column":69}},"43":{"start":{"line":126,"column":25},"end":{"line":128,"column":3}},"44":{"start":{"line":127,"column":17},"end":{"line":127,"column":44}},"45":{"start":{"line":129,"column":20},"end":{"line":129,"column":64}},"46":{"start":{"line":130,"column":2},"end":{"line":133,"column":3}},"47":{"start":{"line":131,"column":4},"end":{"line":131,"column":103}},"48":{"start":{"line":132,"column":4},"end":{"line":132,"column":10}},"49":{"start":{"line":134,"column":2},"end":{"line":134,"column":28}},"50":{"start":{"line":135,"column":2},"end":{"line":172,"column":3}},"51":{"start":{"line":136,"column":4},"end":{"line":158,"column":5}},"52":{"start":{"line":136,"column":17},"end":{"line":136,"column":18}},"53":{"start":{"line":137,"column":20},"end":{"line":137,"column":39}},"54":{"start":{"line":138,"column":6},"end":{"line":157,"column":15}},"55":{"start":{"line":159,"column":4},"end":{"line":171,"column":5}},"56":{"start":{"line":159,"column":17},"end":{"line":159,"column":18}},"57":{"start":{"line":160,"column":20},"end":{"line":160,"column":39}},"58":{"start":{"line":161,"column":6},"end":{"line":165,"column":9}},"59":{"start":{"line":164,"column":10},"end":{"line":164,"column":47}},"60":{"start":{"line":166,"column":6},"end":{"line":170,"column":9}},"61":{"start":{"line":169,"column":10},"end":{"line":169,"column":47}},"62":{"start":{"line":175,"column":0},"end":{"line":212,"column":1}},"63":{"start":{"line":179,"column":0},"end":{"line":181,"column":53}},"64":{"start":{"line":184,"column":0},"end":{"line":186,"column":54}},"65":{"start":{"line":188,"column":0},"end":{"line":190,"column":55}},"66":{"start":{"line":193,"column":0},"end":{"line":195,"column":51}},"67":{"start":{"line":198,"column":0},"end":{"line":200,"column":52}},"68":{"start":{"line":203,"column":0},"end":{"line":205,"column":77}},"69":{"start":{"line":205,"column":39},"end":{"line":205,"column":76}},"70":{"start":{"line":208,"column":0},"end":{"line":210,"column":54}}},"fnMap":{"0":{"name":"loadJournal","decl":{"start":{"line":16,"column":16},"end":{"line":16,"column":27}},"loc":{"start":{"line":16,"column":30},"end":{"line":65,"column":1}},"line":16},"1":{"name":"(anonymous_1)","decl":{"start":{"line":53,"column":37},"end":{"line":53,"column":38}},"loc":{"start":{"line":54,"column":12},"end":{"line":54,"column":49}},"line":54},"2":{"name":"(anonymous_2)","decl":{"start":{"line":58,"column":37},"end":{"line":58,"column":38}},"loc":{"start":{"line":59,"column":12},"end":{"line":59,"column":49}},"line":59},"3":{"name":"loadSearch","decl":{"start":{"line":70,"column":16},"end":{"line":70,"column":26}},"loc":{"start":{"line":70,"column":33},"end":{"line":121,"column":1}},"line":70},"4":{"name":"(anonymous_4)","decl":{"start":{"line":74,"column":4},"end":{"line":74,"column":5}},"loc":{"start":{"line":75,"column":6},"end":{"line":76,"column":64}},"line":75},"5":{"name":"(anonymous_5)","decl":{"start":{"line":111,"column":35},"end":{"line":111,"column":36}},"loc":{"start":{"line":112,"column":10},"end":{"line":112,"column":47}},"line":112},"6":{"name":"(anonymous_6)","decl":{"start":{"line":116,"column":35},"end":{"line":116,"column":36}},"loc":{"start":{"line":117,"column":10},"end":{"line":117,"column":47}},"line":117},"7":{"name":"(anonymous_7)","decl":{"start":{"line":124,"column":26},"end":{"line":124,"column":27}},"loc":{"start":{"line":124,"column":42},"end":{"line":173,"column":1}},"line":124},"8":{"name":"(anonymous_8)","decl":{"start":{"line":127,"column":4},"end":{"line":127,"column":5}},"loc":{"start":{"line":127,"column":17},"end":{"line":127,"column":44}},"line":127},"9":{"name":"(anonymous_9)","decl":{"start":{"line":163,"column":35},"end":{"line":163,"column":36}},"loc":{"start":{"line":164,"column":10},"end":{"line":164,"column":47}},"line":164},"10":{"name":"(anonymous_10)","decl":{"start":{"line":168,"column":35},"end":{"line":168,"column":36}},"loc":{"start":{"line":169,"column":10},"end":{"line":169,"column":47}},"line":169},"11":{"name":"(anonymous_11)","decl":{"start":{"line":176,"column":22},"end":{"line":176,"column":23}},"loc":{"start":{"line":176,"column":26},"end":{"line":211,"column":3}},"line":176},"12":{"name":"(anonymous_12)","decl":{"start":{"line":205,"column":28},"end":{"line":205,"column":29}},"loc":{"start":{"line":205,"column":39},"end":{"line":205,"column":76}},"line":205}},"branchMap":{"0":{"loc":{"start":{"line":19,"column":2},"end":{"line":63,"column":3}},"type":"if","locations":[{"start":{"line":19,"column":2},"end":{"line":63,"column":3}},{"start":{},"end":{}}],"line":19},"1":{"loc":{"start":{"line":20,"column":4},"end":{"line":23,"column":5}},"type":"if","locations":[{"start":{"line":20,"column":4},"end":{"line":23,"column":5}},{"start":{},"end":{}}],"line":20},"2":{"loc":{"start":{"line":20,"column":8},"end":{"line":20,"column":42}},"type":"binary-expr","locations":[{"start":{"line":20,"column":8},"end":{"line":20,"column":17}},{"start":{"line":20,"column":21},"end":{"line":20,"column":42}}],"line":20},"3":{"loc":{"start":{"line":25,"column":4},"end":{"line":62,"column":5}},"type":"if","locations":[{"start":{"line":25,"column":4},"end":{"line":62,"column":5}},{"start":{},"end":{}}],"line":25},"4":{"loc":{"start":{"line":71,"column":28},"end":{"line":71,"column":68}},"type":"binary-expr","locations":[{"start":{"line":71,"column":28},"end":{"line":71,"column":60}},{"start":{"line":71,"column":64},"end":{"line":71,"column":68}}],"line":71},"5":{"loc":{"start":{"line":75,"column":6},"end":{"line":76,"column":64}},"type":"binary-expr","locations":[{"start":{"line":75,"column":6},"end":{"line":75,"column":62}},{"start":{"line":76,"column":6},"end":{"line":76,"column":64}}],"line":75},"6":{"loc":{"start":{"line":78,"column":2},"end":{"line":81,"column":3}},"type":"if","locations":[{"start":{"line":78,"column":2},"end":{"line":81,"column":3}},{"start":{},"end":{}}],"line":78},"7":{"loc":{"start":{"line":78,"column":6},"end":{"line":78,"column":56}},"type":"binary-expr","locations":[{"start":{"line":78,"column":6},"end":{"line":78,"column":23}},{"start":{"line":78,"column":27},"end":{"line":78,"column":56}}],"line":78},"8":{"loc":{"start":{"line":83,"column":2},"end":{"line":120,"column":3}},"type":"if","locations":[{"start":{"line":83,"column":2},"end":{"line":120,"column":3}},{"start":{},"end":{}}],"line":83},"9":{"loc":{"start":{"line":125,"column":28},"end":{"line":125,"column":68}},"type":"binary-expr","locations":[{"start":{"line":125,"column":28},"end":{"line":125,"column":60}},{"start":{"line":125,"column":64},"end":{"line":125,"column":68}}],"line":125},"10":{"loc":{"start":{"line":130,"column":2},"end":{"line":133,"column":3}},"type":"if","locations":[{"start":{"line":130,"column":2},"end":{"line":133,"column":3}},{"start":{},"end":{}}],"line":130},"11":{"loc":{"start":{"line":130,"column":6},"end":{"line":130,"column":56}},"type":"binary-expr","locations":[{"start":{"line":130,"column":6},"end":{"line":130,"column":23}},{"start":{"line":130,"column":27},"end":{"line":130,"column":56}}],"line":130},"12":{"loc":{"start":{"line":135,"column":2},"end":{"line":172,"column":3}},"type":"if","locations":[{"start":{"line":135,"column":2},"end":{"line":172,"column":3}},{"start":{},"end":{}}],"line":135}},"s":{"0":1,"1":12,"2":12,"3":12,"4":11,"5":0,"6":0,"7":11,"8":11,"9":0,"10":0,"11":0,"12":0,"13":0,"14":0,"15":0,"16":0,"17":0,"18":0,"19":0,"20":1,"21":1,"22":1,"23":1,"24":2,"25":1,"26":0,"27":0,"28":1,"29":1,"30":0,"31":0,"32":0,"33":0,"34":0,"35":0,"36":0,"37":0,"38":0,"39":0,"40":0,"41":1,"42":1,"43":1,"44":3,"45":1,"46":1,"47":0,"48":0,"49":1,"50":1,"51":0,"52":0,"53":0,"54":0,"55":0,"56":0,"57":0,"58":0,"59":0,"60":0,"61":0,"62":1,"63":0,"64":0,"65":0,"66":0,"67":0,"68":0,"69":0,"70":0},"f":{"0":12,"1":0,"2":0,"3":1,"4":2,"5":0,"6":0,"7":1,"8":3,"9":0,"10":0,"11":0,"12":0},"b":{"0":[11,1],"1":[0,11],"2":[11,11],"3":[0,11],"4":[1,0],"5":[2,1],"6":[0,1],"7":[1,1],"8":[0,1],"9":[1,0],"10":[0,1],"11":[1,1],"12":[0,1]},"_coverageSchema":"1a1c01bbd47fc00a2c39e90264f33305004495a9","hash":"7d617d99a4cdcec073bbc00df05a4a0de3c48bd7"}
,"C:\\Users\\ADMIN\\OneDrive\\Documents\\AMALITECH\\Lab-6\\journal\\js\\storage.js": {"path":"C:\\Users\\ADMIN\\OneDrive\\Documents\\AMALITECH\\Lab-6\\journal\\js\\storage.js","statementMap":{"0":{"start":{"line":2,"column":27},"end":{"line":2,"column":85}},"1":{"start":{"line":2,"column":33},"end":{"line":2,"column":85}},"2":{"start":{"line":5,"column":29},"end":{"line":6,"column":60}},"3":{"start":{"line":6,"column":2},"end":{"line":6,"column":60}}},"fnMap":{"0":{"name":"(anonymous_0)","decl":{"start":{"line":2,"column":27},"end":{"line":2,"column":28}},"loc":{"start":{"line":2,"column":33},"end":{"line":2,"column":85}},"line":2},"1":{"name":"(anonymous_1)","decl":{"start":{"line":5,"column":29},"end":{"line":5,"column":30}},"loc":{"start":{"line":6,"column":2},"end":{"line":6,"column":60}},"line":6}},"branchMap":{"0":{"loc":{"start":{"line":2,"column":44},"end":{"line":2,"column":84}},"type":"binary-expr","locations":[{"start":{"line":2,"column":44},"end":{"line":2,"column":76}},{"start":{"line":2,"column":80},"end":{"line":2,"column":84}}],"line":2}},"s":{"0":1,"1":10,"2":1,"3":9},"f":{"0":10,"1":9},"b":{"0":[10,5]},"_coverageSchema":"1a1c01bbd47fc00a2c39e90264f33305004495a9","hash":"d7e3211366c3a4499857c9c5a531ef68f9b3cb87"}
,"C:\\Users\\ADMIN\\OneDrive\\Documents\\AMALITECH\\Lab-6\\journal\\js\\ui.js": {"path":"C:\\Users\\ADMIN\\OneDrive\\Documents\\AMALITECH\\Lab-6\\journal\\js\\ui.js","statementMap":{"0":{"start":{"line":3,"column":15},"end":{"line":3,"column":28}},"1":{"start":{"line":7,"column":26},"end":{"line":7,"column":70}},"2":{"start":{"line":8,"column":2},"end":{"line":11,"column":3}},"3":{"start":{"line":9,"column":24},"end":{"line":9,"column":53}},"4":{"start":{"line":10,"column":4},"end":{"line":10,"column":76}},"5":{"start":{"line":12,"column":2},"end":{"line":12,"column":41}},"6":{"start":{"line":17,"column":26},"end":{"line":17,"column":70}},"7":{"start":{"line":18,"column":2},"end":{"line":18,"column":40}},"8":{"start":{"line":19,"column":2},"end":{"line":19,"column":69}},"9":{"start":{"line":24,"column":2},"end":{"line":24,"column":20}},"10":{"start":{"line":25,"column":23},"end":{"line":25,"column":69}},"11":{"start":{"line":26,"column":25},"end":{"line":26,"column":73}},"12":{"start":{"line":27,"column":22},"end":{"line":27,"column":67}},"13":{"start":{"line":28,"column":22},"end":{"line":28,"column":67}},"14":{"start":{"line":29,"column":2},"end":{"line":32,"column":3}},"15":{"start":{"line":30,"column":4},"end":{"line":30,"column":72}},"16":{"start":{"line":31,"column":4},"end":{"line":31,"column":10}},"17":{"start":{"line":33,"column":18},"end":{"line":39,"column":3}},"18":{"start":{"line":40,"column":19},"end":{"line":40,"column":32}},"19":{"start":{"line":41,"column":2},"end":{"line":41,"column":24}},"20":{"start":{"line":42,"column":2},"end":{"line":42,"column":25}},"21":{"start":{"line":43,"column":2},"end":{"line":43,"column":30}},"22":{"start":{"line":44,"column":2},"end":{"line":44,"column":15}},"23":{"start":{"line":45,"column":2},"end":{"line":45,"column":53}},"24":{"start":{"line":46,"column":2},"end":{"line":46,"column":55}},"25":{"start":{"line":47,"column":2},"end":{"line":47,"column":52}},"26":{"start":{"line":48,"column":2},"end":{"line":48,"column":52}},"27":{"start":{"line":49,"column":2},"end":{"line":49,"column":69}},"28":{"start":{"line":54,"column":20},"end":{"line":54,"column":36}},"29":{"start":{"line":55,"column":2},"end":{"line":55,"column":46}},"30":{"start":{"line":56,"column":18},"end":{"line":56,"column":75}},"31":{"start":{"line":56,"column":50},"end":{"line":56,"column":74}},"32":{"start":{"line":57,"column":27},"end":{"line":57,"column":72}},"33":{"start":{"line":58,"column":2},"end":{"line":58,"column":69}},"34":{"start":{"line":59,"column":2},"end":{"line":59,"column":73}},"35":{"start":{"line":60,"column":2},"end":{"line":60,"column":67}},"36":{"start":{"line":61,"column":2},"end":{"line":61,"column":67}},"37":{"start":{"line":62,"column":2},"end":{"line":62,"column":42}},"38":{"start":{"line":67,"column":27},"end":{"line":67,"column":72}},"39":{"start":{"line":68,"column":2},"end":{"line":68,"column":41}},"40":{"start":{"line":73,"column":20},"end":{"line":73,"column":36}},"41":{"start":{"line":74,"column":19},"end":{"line":74,"column":78}},"42":{"start":{"line":74,"column":53},"end":{"line":74,"column":77}},"43":{"start":{"line":75,"column":2},"end":{"line":75,"column":60}},"44":{"start":{"line":76,"column":2},"end":{"line":76,"column":15}},"45":{"start":{"line":81,"column":20},"end":{"line":81,"column":53}},"46":{"start":{"line":82,"column":23},"end":{"line":82,"column":74}},"47":{"start":{"line":83,"column":25},"end":{"line":83,"column":78}},"48":{"start":{"line":84,"column":22},"end":{"line":84,"column":72}},"49":{"start":{"line":85,"column":22},"end":{"line":85,"column":72}},"50":{"start":{"line":86,"column":18},"end":{"line":92,"column":3}},"51":{"start":{"line":93,"column":19},"end":{"line":93,"column":32}},"52":{"start":{"line":94,"column":16},"end":{"line":94,"column":73}},"53":{"start":{"line":94,"column":48},"end":{"line":94,"column":72}},"54":{"start":{"line":95,"column":2},"end":{"line":95,"column":27}},"55":{"start":{"line":96,"column":2},"end":{"line":96,"column":25}},"56":{"start":{"line":97,"column":2},"end":{"line":97,"column":31}},"57":{"start":{"line":98,"column":2},"end":{"line":98,"column":15}},"58":{"start":{"line":103,"column":2},"end":{"line":107,"column":3}},"59":{"start":{"line":104,"column":4},"end":{"line":104,"column":17}},"60":{"start":{"line":106,"column":4},"end":{"line":106,"column":20}},"61":{"start":{"line":112,"column":22},"end":{"line":112,"column":67}},"62":{"start":{"line":113,"column":2},"end":{"line":113,"column":25}}},"fnMap":{"0":{"name":"showAddModalEventListener","decl":{"start":{"line":6,"column":16},"end":{"line":6,"column":41}},"loc":{"start":{"line":6,"column":44},"end":{"line":13,"column":1}},"line":6},"1":{"name":"closeAddModalEventListener","decl":{"start":{"line":16,"column":16},"end":{"line":16,"column":42}},"loc":{"start":{"line":16,"column":45},"end":{"line":20,"column":1}},"line":16},"2":{"name":"addJournalEventListener","decl":{"start":{"line":23,"column":16},"end":{"line":23,"column":39}},"loc":{"start":{"line":23,"column":43},"end":{"line":50,"column":1}},"line":23},"3":{"name":"showEditModalHandler","decl":{"start":{"line":53,"column":16},"end":{"line":53,"column":36}},"loc":{"start":{"line":53,"column":41},"end":{"line":63,"column":1}},"line":53},"4":{"name":"(anonymous_4)","decl":{"start":{"line":56,"column":37},"end":{"line":56,"column":38}},"loc":{"start":{"line":56,"column":50},"end":{"line":56,"column":74}},"line":56},"5":{"name":"closeEditModalEventListener","decl":{"start":{"line":66,"column":16},"end":{"line":66,"column":43}},"loc":{"start":{"line":66,"column":46},"end":{"line":69,"column":1}},"line":66},"6":{"name":"deleteJournalHandler","decl":{"start":{"line":72,"column":16},"end":{"line":72,"column":36}},"loc":{"start":{"line":72,"column":41},"end":{"line":77,"column":1}},"line":72},"7":{"name":"(anonymous_7)","decl":{"start":{"line":74,"column":40},"end":{"line":74,"column":41}},"loc":{"start":{"line":74,"column":53},"end":{"line":74,"column":77}},"line":74},"8":{"name":"editJournalEventListener","decl":{"start":{"line":80,"column":16},"end":{"line":80,"column":40}},"loc":{"start":{"line":80,"column":43},"end":{"line":99,"column":1}},"line":80},"9":{"name":"(anonymous_9)","decl":{"start":{"line":94,"column":35},"end":{"line":94,"column":36}},"loc":{"start":{"line":94,"column":48},"end":{"line":94,"column":72}},"line":94},"10":{"name":"showJournalByMood","decl":{"start":{"line":102,"column":16},"end":{"line":102,"column":33}},"loc":{"start":{"line":102,"column":40},"end":{"line":108,"column":1}},"line":102},"11":{"name":"searchJournalEventListener","decl":{"start":{"line":111,"column":16},"end":{"line":111,"column":42}},"loc":{"start":{"line":111,"column":45},"end":{"line":114,"column":1}},"line":111}},"branchMap":{"0":{"loc":{"start":{"line":8,"column":2},"end":{"line":11,"column":3}},"type":"if","locations":[{"start":{"line":8,"column":2},"end":{"line":11,"column":3}},{"start":{},"end":{}}],"line":8},"1":{"loc":{"start":{"line":29,"column":2},"end":{"line":32,"column":3}},"type":"if","locations":[{"start":{"line":29,"column":2},"end":{"line":32,"column":3}},{"start":{},"end":{}}],"line":29},"2":{"loc":{"start":{"line":29,"column":6},"end":{"line":29,"column":70}},"type":"binary-expr","locations":[{"start":{"line":29,"column":6},"end":{"line":29,"column":19}},{"start":{"line":29,"column":23},"end":{"line":29,"column":38}},{"start":{"line":29,"column":42},"end":{"line":29,"column":54}},{"start":{"line":29,"column":58},"end":{"line":29,"column":70}}],"line":29},"3":{"loc":{"start":{"line":103,"column":2},"end":{"line":107,"column":3}},"type":"if","locations":[{"start":{"line":103,"column":2},"end":{"line":107,"column":3}},{"start":{"line":105,"column":9},"end":{"line":107,"column":3}}],"line":103}},"s":{"0":1,"1":2,"2":2,"3":0,"4":0,"5":2,"6":9,"7":9,"8":9,"9":9,"10":9,"11":9,"12":9,"13":9,"14":9,"15":0,"16":0,"17":9,"18":9,"19":9,"20":9,"21":9,"22":9,"23":9,"24":9,"25":9,"26":9,"27":9,"28":0,"29":0,"30":0,"31":0,"32":0,"33":0,"34":0,"35":0,"36":0,"37":0,"38":0,"39":0,"40":0,"41":0,"42":0,"43":0,"44":0,"45":0,"46":0,"47":0,"48":0,"49":0,"50":0,"51":0,"52":0,"53":0,"54":0,"55":0,"56":0,"57":0,"58":1,"59":0,"60":1,"61":1,"62":1},"f":{"0":2,"1":9,"2":9,"3":0,"4":0,"5":0,"6":0,"7":0,"8":0,"9":0,"10":1,"11":1},"b":{"0":[0,2],"1":[0,9],"2":[9,9,9,9],"3":[0,1]},"_coverageSchema":"1a1c01bbd47fc00a2c39e90264f33305004495a9","hash":"926c9ffc15c1b0a3b7f62752c68cff7bd6d3c923"}
}
