TN:
SF:js\journal.js
FN:16,loadJournal
FN:53,(anonymous_1)
FN:58,(anonymous_2)
FN:70,loadSearch
FN:74,(anonymous_4)
FN:111,(anonymous_5)
FN:116,(anonymous_6)
FN:124,(anonymous_7)
FN:127,(anonymous_8)
FN:163,(anonymous_9)
FN:168,(anonymous_10)
FN:176,(anonymous_11)
FN:205,(anonymous_12)
FNF:13
FNH:5
FNDA:12,loadJournal
FNDA:0,(anonymous_1)
FNDA:0,(anonymous_2)
FNDA:1,loadSearch
FNDA:2,(anonymous_4)
FNDA:0,(anonymous_5)
FNDA:0,(anonymous_6)
FNDA:1,(anonymous_7)
FNDA:3,(anonymous_8)
FNDA:0,(anonymous_9)
FNDA:0,(anonymous_10)
FNDA:0,(anonymous_11)
FNDA:0,(anonymous_12)
DA:13,1
DA:17,12
DA:18,12
DA:19,12
DA:20,11
DA:21,0
DA:22,0
DA:24,11
DA:25,11
DA:26,0
DA:27,0
DA:28,0
DA:49,0
DA:50,0
DA:51,0
DA:54,0
DA:56,0
DA:59,0
DA:67,1
DA:71,1
DA:72,1
DA:73,1
DA:75,2
DA:78,1
DA:79,0
DA:80,0
DA:82,1
DA:83,1
DA:84,0
DA:85,0
DA:86,0
DA:107,0
DA:108,0
DA:109,0
DA:112,0
DA:114,0
DA:117,0
DA:124,1
DA:125,1
DA:126,1
DA:127,3
DA:129,1
DA:130,1
DA:131,0
DA:132,0
DA:134,1
DA:135,1
DA:136,0
DA:137,0
DA:138,0
DA:159,0
DA:160,0
DA:161,0
DA:164,0
DA:166,0
DA:169,0
DA:175,1
DA:179,0
DA:184,0
DA:188,0
DA:193,0
DA:198,0
DA:203,0
DA:205,0
DA:208,0
LF:65
LH:24
BRDA:19,0,0,11
BRDA:19,0,1,1
BRDA:20,1,0,0
BRDA:20,1,1,11
BRDA:20,2,0,11
BRDA:20,2,1,11
BRDA:25,3,0,0
BRDA:25,3,1,11
BRDA:71,4,0,1
BRDA:71,4,1,0
BRDA:75,5,0,2
BRDA:75,5,1,1
BRDA:78,6,0,0
BRDA:78,6,1,1
BRDA:78,7,0,1
BRDA:78,7,1,1
BRDA:83,8,0,0
BRDA:83,8,1,1
BRDA:125,9,0,1
BRDA:125,9,1,0
BRDA:130,10,0,0
BRDA:130,10,1,1
BRDA:130,11,0,1
BRDA:130,11,1,1
BRDA:135,12,0,0
BRDA:135,12,1,1
BRF:26
BRH:18
end_of_record
TN:
SF:js\storage.js
FN:2,(anonymous_0)
FN:5,(anonymous_1)
FNF:2
FNH:2
FNDA:10,(anonymous_0)
FNDA:9,(anonymous_1)
DA:2,10
DA:5,1
DA:6,9
LF:3
LH:3
BRDA:2,0,0,10
BRDA:2,0,1,5
BRF:2
BRH:2
end_of_record
TN:
SF:js\ui.js
FN:6,showAddModalEventListener
FN:16,closeAddModalEventListener
FN:23,addJournalEventListener
FN:53,showEditModalHandler
FN:56,(anonymous_4)
FN:66,closeEditModalEventListener
FN:72,deleteJournalHandler
FN:74,(anonymous_7)
FN:80,editJournalEventListener
FN:94,(anonymous_9)
FN:102,showJournalByMood
FN:111,searchJournalEventListener
FNF:12
FNH:5
FNDA:2,showAddModalEventListener
FNDA:9,closeAddModalEventListener
FNDA:9,addJournalEventListener
FNDA:0,showEditModalHandler
FNDA:0,(anonymous_4)
FNDA:0,closeEditModalEventListener
FNDA:0,deleteJournalHandler
FNDA:0,(anonymous_7)
FNDA:0,editJournalEventListener
FNDA:0,(anonymous_9)
FNDA:1,showJournalByMood
FNDA:1,searchJournalEventListener
DA:3,1
DA:7,2
DA:8,2
DA:9,0
DA:10,0
DA:12,2
DA:17,9
DA:18,9
DA:19,9
DA:24,9
DA:25,9
DA:26,9
DA:27,9
DA:28,9
DA:29,9
DA:30,0
DA:31,0
DA:33,9
DA:40,9
DA:41,9
DA:42,9
DA:43,9
DA:44,9
DA:45,9
DA:46,9
DA:47,9
DA:48,9
DA:49,9
DA:54,0
DA:55,0
DA:56,0
DA:57,0
DA:58,0
DA:59,0
DA:60,0
DA:61,0
DA:62,0
DA:67,0
DA:68,0
DA:73,0
DA:74,0
DA:75,0
DA:76,0
DA:81,0
DA:82,0
DA:83,0
DA:84,0
DA:85,0
DA:86,0
DA:93,0
DA:94,0
DA:95,0
DA:96,0
DA:97,0
DA:98,0
DA:103,1
DA:104,0
DA:106,1
DA:112,1
DA:113,1
LF:60
LH:28
BRDA:8,0,0,0
BRDA:8,0,1,2
BRDA:29,1,0,0
BRDA:29,1,1,9
BRDA:29,2,0,9
BRDA:29,2,1,9
BRDA:29,2,2,9
BRDA:29,2,3,9
BRDA:103,3,0,0
BRDA:103,3,1,1
BRF:10
BRH:7
end_of_record
